
Showing logs for build [32mcb-kubecd-environment-pr-120-57-v8p79-1[0m stage [32mfrom-build-pack[0m and container [32mstep-credential-initializer-sgm96[0m
{"level":"warn","ts":1577537689.4163682,"logger":"fallback-logger","caller":"logging/config.go:69","msg":"Fetch GitHub commit ID from kodata failed: \"ref: refs/heads/master\" is not a valid GitHub commit ID"}
{"level":"info","ts":1577537689.417168,"logger":"fallback-logger","caller":"creds-init/main.go:40","msg":"Credentials initialized."}

Showing logs for build [32mcb-kubecd-environment-pr-120-57-v8p79-1[0m stage [32mfrom-build-pack[0m and container [32mstep-working-dir-initializer-8gzqm[0m
{"level":"warn","ts":1577537690.8301306,"logger":"fallback-logger","caller":"logging/config.go:69","msg":"Fetch GitHub commit ID from kodata failed: open /var/run/ko/HEAD: no such file or directory"}
{"level":"info","ts":1577537690.8322864,"logger":"fallback-logger","caller":"bash/main.go:65","msg":"Successfully executed command \"mkdir -p /workspace/source\""}

Showing logs for build [32mcb-kubecd-environment-pr-120-57-v8p79-1[0m stage [32mfrom-build-pack[0m and container [32mstep-place-tools[0m

Showing logs for build [32mcb-kubecd-environment-pr-120-57-v8p79-1[0m stage [32mfrom-build-pack[0m and container [32mstep-git-source-cb-kubecd-environment-pr-120-57-xm4s2[0m
{"level":"warn","ts":1577537694.9188504,"logger":"fallback-logger","caller":"logging/config.go:69","msg":"Fetch GitHub commit ID from kodata failed: \"ref: refs/heads/master\" is not a valid GitHub commit ID"}
{"level":"info","ts":1577537696.1065276,"logger":"fallback-logger","caller":"git/git.go:102","msg":"Successfully cloned https://github.com/cb-kubecd/environment-pr-120-57-gke-upgrade-production.git @ master in path /workspace/source"}

Showing logs for build [32mcb-kubecd-environment-pr-120-57-v8p79-1[0m stage [32mfrom-build-pack[0m and container [32mstep-git-merge[0m
Using SHAs from PULL_REFS=master:86625d508939daf36781f7a26f25e7db8d91424c,1:7bd6a48e392a4d5da51306a8d299164b90e41582
DEBUG: ran git fetch --unshallow origin 7bd6a48e392a4d5da51306a8d299164b90e41582: 86625d508939daf36781f7a26f25e7db8d91424c: in 
DEBUG: ran git checkout master in 
DEBUG: ran git reset --hard 86625d508939daf36781f7a26f25e7db8d91424c in 
DEBUG: ran clean --force -d . in 
DEBUG: ran git merge 7bd6a48e392a4d5da51306a8d299164b90e41582 in 
Merged SHA 7bd6a48e392a4d5da51306a8d299164b90e41582 with commit message 'chore: Promote bdd-spring-1577536855 to version 0.0.1' into base branch master

Showing logs for build [32mcb-kubecd-environment-pr-120-57-v8p79-1[0m stage [32mfrom-build-pack[0m and container [32mstep-build-helm-build[0m
WARNING: No $CHART_REPOSITORY defined so using the default value of: http://jenkins-x-chartmuseum:8080
Adding missing Helm repo: storage.googleapis.com https://storage.googleapis.com/chartmuseum.jenkins-x.io
WARNING: No secrets found on "helm/repos" due: reading the secret "helm/repos" from vault: no secret "helm/repos" not found in vault
Read credentials for https://storage.googleapis.com/chartmuseum.jenkins-x.io from vault helm/repos
Successfully added Helm repository storage.googleapis.com.
Adding missing Helm repo: jenkins-x-chartmuseum http://jenkins-x-chartmuseum:8080
WARNING: No secrets found on "helm/repos" due: reading the secret "helm/repos" from vault: no secret "helm/repos" not found in vault
Read credentials for http://jenkins-x-chartmuseum:8080 from vault helm/repos
Successfully added Helm repository jenkins-x-chartmuseum.
WARNING: No $CHART_REPOSITORY defined so using the default value of: http://jenkins-x-chartmuseum:8080
Adding missing Helm repo: chartmuseum.jenkins-x.io http://chartmuseum.jenkins-x.io
WARNING: No secrets found on "helm/repos" due: reading the secret "helm/repos" from vault: no secret "helm/repos" not found in vault
Read credentials for http://chartmuseum.jenkins-x.io from vault helm/repos
Successfully added Helm repository chartmuseum.jenkins-x.io.
